-------------------------------------------------------------------------------
Test set: runner.TestRunner
-------------------------------------------------------------------------------
Tests run: 6, Failures: 6, Errors: 0, Skipped: 0, Time elapsed: 2.375 s <<< FAILURE! -- in runner.TestRunner
runner.TestRunner.runScenario["Navigate to a Top-level category", "Category navigation"](1) -- Time elapsed: 0.840 s <<< FAILURE!
java.lang.RuntimeException: Browser not supported: browser
	at factory.BrowserFactory.initBrowser(BrowserFactory.java:26)
	at stepDefinitions.Hooks.setup(Hooks.java:21)

runner.TestRunner.runScenario["Navigate to a sub-category", "Category navigation"](2) -- Time elapsed: 0.018 s <<< FAILURE!
java.lang.RuntimeException: Browser not supported: browser
	at factory.BrowserFactory.initBrowser(BrowserFactory.java:26)
	at stepDefinitions.Hooks.setup(Hooks.java:21)

runner.TestRunner.runScenario["Verify breadcrumb navigation", "Category navigation"](3) -- Time elapsed: 0.008 s <<< FAILURE!
java.lang.RuntimeException: Browser not supported: browser
	at factory.BrowserFactory.initBrowser(BrowserFactory.java:26)
	at stepDefinitions.Hooks.setup(Hooks.java:21)

runner.TestRunner.runScenario["Filter products by Size and Color", "Category navigation"](4) -- Time elapsed: 0.012 s <<< FAILURE!
java.lang.RuntimeException: Browser not supported: browser
	at factory.BrowserFactory.initBrowser(BrowserFactory.java:26)
	at stepDefinitions.Hooks.setup(Hooks.java:21)

runner.TestRunner.runScenario["View Products in List", "Category navigation"](5) -- Time elapsed: 0.012 s <<< FAILURE!
java.lang.RuntimeException: Browser not supported: browser
	at factory.BrowserFactory.initBrowser(BrowserFactory.java:26)
	at stepDefinitions.Hooks.setup(Hooks.java:21)

runner.TestRunner.runScenario["User should be able to login with valid credentials.", "User login"](6) -- Time elapsed: 0.008 s <<< FAILURE!
java.lang.RuntimeException: Browser not supported: browser
	at factory.BrowserFactory.initBrowser(BrowserFactory.java:26)
	at stepDefinitions.Hooks.setup(Hooks.java:21)

