<?xml version="1.0" encoding="UTF-8"?>
<testsuite xmlns:xsi="http://www.w3.org/2001/XMLSchema-instance" xsi:noNamespaceSchemaLocation="https://maven.apache.org/surefire/maven-surefire-plugin/xsd/surefire-test-report-3.0.xsd" version="3.0" name="runner.TestRunner" time="60.231" tests="6" errors="0" skipped="0" failures="0">
  <properties>
[...]
</properties>
  <testcase name="runScenario[&quot;Navigate to a Top-level category&quot;, &quot;Category navigation&quot;](1)" classname="runner.TestRunner" time="9.155">
    <system-out><![CDATA[
Scenario: Navigate to a Top-level category                       # src/test/resources/features/Category.feature:7
  Given User is on homepage                                      # stepDefinitions.CategorySteps.user_is_on_homepage()
  When User logins successfully with valid email id and password # stepDefinitions.CategorySteps.user_logins_successfully_with_valid_email_id_and_password()
  When User clicks on "Women" Category                           # stepDefinitions.CategorySteps.user_clicks_on_category(java.lang.String)
Expected product count: 7
Actual product count: 7
  Then Product list should be displayed for "Women" category     # stepDefinitions.CategorySteps.product_list_should_be_displayed_for_category(java.lang.String)
]]></system-out>
  </testcase>
  <testcase name="runScenario[&quot;Navigate to a sub-category&quot;, &quot;Category navigation&quot;](2)" classname="runner.TestRunner" time="8.223">
    <system-out><![CDATA[
Scenario: Navigate to a sub-category                             # src/test/resources/features/Category.feature:12
  Given User is on homepage                                      # stepDefinitions.CategorySteps.user_is_on_homepage()
  When User logins successfully with valid email id and password # stepDefinitions.CategorySteps.user_logins_successfully_with_valid_email_id_and_password()
  When User hovers on "Women" Category                           # stepDefinitions.CategorySteps.user_hovers_on_category(java.lang.String)
  And Clicks on "Tops" sub category                              # stepDefinitions.CategorySteps.clicks_on_sub_category(java.lang.String)
Expected product count: 2
Actual product count: 2
  Then Product list for "Tops" sub category  should be displayed # stepDefinitions.CategorySteps.product_list_for_sub_category_should_be_displayed(java.lang.String)
]]></system-out>
  </testcase>
  <testcase name="runScenario[&quot;Verify breadcrumb navigation&quot;, &quot;Category navigation&quot;](3)" classname="runner.TestRunner" time="8.423">
    <system-out><![CDATA[
Scenario: Verify breadcrumb navigation                           # src/test/resources/features/Category.feature:18
  Given User is on homepage                                      # stepDefinitions.CategorySteps.user_is_on_homepage()
  When User logins successfully with valid email id and password # stepDefinitions.CategorySteps.user_logins_successfully_with_valid_email_id_and_password()
Clicked on Category: [[ChromeDriver: chrome on windows (771c10fc0b37ec7cf9a51e5fa24d6d96)] -> xpath: //ul[@class='sf-menu clearfix menu-content sf-js-enabled sf-arrows']/li/a]
  When User navigates on "Dresses" category                      # stepDefinitions.CategorySteps.user_navigates_on_category(java.lang.String)
  Then Breadcrumb navigation should be "Home>Dresses"            # stepDefinitions.CategorySteps.breadcrumb_navigation_should(java.lang.String)
]]></system-out>
  </testcase>
  <testcase name="runScenario[&quot;Filter products by Size and Color&quot;, &quot;Category navigation&quot;](4)" classname="runner.TestRunner" time="16.861">
    <system-out><![CDATA[
Scenario: Filter products by Size and Color                               # src/test/resources/features/Category.feature:23
  Given User is on homepage                                               # stepDefinitions.CategorySteps.user_is_on_homepage()
  When User logins successfully with valid email id and password          # stepDefinitions.CategorySteps.user_logins_successfully_with_valid_email_id_and_password()
  When User clicks on "Women" Category                                    # stepDefinitions.CategorySteps.user_clicks_on_category(java.lang.String)
S
Size filter applied, size selected : S
  And Apply Filter "S"                                                    # stepDefinitions.CategorySteps.apply_filter(java.lang.String)
Beige
White
Black
Orange
Blue
Green
Yellow
Color filter applied, color selected : Yellow
  And Apply Filter "Yellow"                                               # stepDefinitions.CategorySteps.apply_filter(java.lang.String)
Size: S is applied
Color: Yellow is applied
Expected product count: 3
Actual product count: 3
  Then Only Products with size "S" and color "Yellow" should be displayed # stepDefinitions.CategorySteps.only_products_with_size_and_color_should_be_displayed(java.lang.String,java.lang.String)
]]></system-out>
  </testcase>
  <testcase name="runScenario[&quot;View Products in List&quot;, &quot;Category navigation&quot;](5)" classname="runner.TestRunner" time="8.591">
    <system-out><![CDATA[
Scenario: View Products in List                                  # src/test/resources/features/Category.feature:29
  Given User is on homepage                                      # stepDefinitions.CategorySteps.user_is_on_homepage()
  When User logins successfully with valid email id and password # stepDefinitions.CategorySteps.user_logins_successfully_with_valid_email_id_and_password()
  When User clicks on "Women" Category                           # stepDefinitions.CategorySteps.user_clicks_on_category(java.lang.String)
  And Clicks on List View                                        # stepDefinitions.CategorySteps.clicks_on_list_view()
  Then Products should be displayed in list view.                # stepDefinitions.CategorySteps.products_should_be_displayed_in_list_view()
]]></system-out>
  </testcase>
  <testcase name="runScenario[&quot;User should be able to login with valid credentials.&quot;, &quot;User login&quot;](6)" classname="runner.TestRunner" time="7.627">
    <system-out><![CDATA[
Scenario: User should be able to login with valid credentials. # src/test/resources/features/Login.feature:3
  Given User is in login page                                  # stepDefinitions.LoginSteps.user_is_in_login_page()
  When User enters email id and password                       # stepDefinitions.LoginSteps.user_enters_email_id_and_password()
  And click on Sign in button                                  # stepDefinitions.LoginSteps.click_on_sign_in_button()
  Then USer is able to login successfully                      # stepDefinitions.LoginSteps.u_ser_is_able_to_login_successfully()
]]></system-out>
  </testcase>
</testsuite>