<?xml version="1.0" encoding="UTF-8"?>
<testng-results ignored="0" total="6" passed="6" failed="0" skipped="0">
  <reporter-output>
  </reporter-output>
  <suite started-at="2025-06-25T16:08:17 IST" name="Default suite" finished-at="2025-06-25T16:09:21 IST" duration-ms="63594">
    <groups>
      <group name="cucumber">
        <method signature="AbstractTestNGCucumberTests.runScenario(io.cucumber.testng.PickleWrapper,io.cucumber.testng.FeatureWrapper)[pri:0, instance:runner.TestRunner@fd07cbb]" name="runScenario" class="io.cucumber.testng.AbstractTestNGCucumberTests"/>
      </group> <!-- cucumber -->
    </groups>
    <test started-at="2025-06-25T16:08:17 IST" name="Default test" finished-at="2025-06-25T16:09:21 IST" duration-ms="63594">
      <class name="runner.TestRunner">
        <test-method is-config="true" signature="setUpClass(org.testng.ITestContext)[pri:0, instance:runner.TestRunner@fd07cbb]" started-at="2025-06-25T16:08:17 IST" name="setUpClass" finished-at="2025-06-25T16:08:18 IST" duration-ms="610" status="PASS">
          <params>
            <param index="0">
              <value>
                <![CDATA[org.testng.TestRunner@67d4c48d]]>
              </value>
            </param>
          </params>
          <reporter-output>
          </reporter-output>
        </test-method> <!-- setUpClass -->
        <test-method signature="runScenario(io.cucumber.testng.PickleWrapper,io.cucumber.testng.FeatureWrapper)[pri:0, instance:runner.TestRunner@fd07cbb]" started-at="2025-06-25T16:08:18 IST" name="runScenario" description="Runs Cucumber Scenarios" data-provider="scenarios" finished-at="2025-06-25T16:08:29 IST" duration-ms="11468" status="PASS">
          <params>
            <param index="0">
              <value>
                <![CDATA["Navigate to a Top-level category"]]>
              </value>
            </param>
            <param index="1">
              <value>
                <![CDATA["Category navigation"]]>
              </value>
            </param>
          </params>
          <reporter-output>
          </reporter-output>
        </test-method> <!-- runScenario -->
        <test-method signature="runScenario(io.cucumber.testng.PickleWrapper,io.cucumber.testng.FeatureWrapper)[pri:0, instance:runner.TestRunner@fd07cbb]" started-at="2025-06-25T16:08:29 IST" name="runScenario" description="Runs Cucumber Scenarios" data-provider="scenarios" finished-at="2025-06-25T16:08:39 IST" duration-ms="9318" status="PASS">
          <params>
            <param index="0">
              <value>
                <![CDATA["Navigate to a sub-category"]]>
              </value>
            </param>
            <param index="1">
              <value>
                <![CDATA["Category navigation"]]>
              </value>
            </param>
          </params>
          <reporter-output>
          </reporter-output>
        </test-method> <!-- runScenario -->
        <test-method signature="runScenario(io.cucumber.testng.PickleWrapper,io.cucumber.testng.FeatureWrapper)[pri:0, instance:runner.TestRunner@fd07cbb]" started-at="2025-06-25T16:08:39 IST" name="runScenario" description="Runs Cucumber Scenarios" data-provider="scenarios" finished-at="2025-06-25T16:08:48 IST" duration-ms="9218" status="PASS">
          <params>
            <param index="0">
              <value>
                <![CDATA["Verify breadcrumb navigation"]]>
              </value>
            </param>
            <param index="1">
              <value>
                <![CDATA["Category navigation"]]>
              </value>
            </param>
          </params>
          <reporter-output>
          </reporter-output>
        </test-method> <!-- runScenario -->
        <test-method signature="runScenario(io.cucumber.testng.PickleWrapper,io.cucumber.testng.FeatureWrapper)[pri:0, instance:runner.TestRunner@fd07cbb]" started-at="2025-06-25T16:08:48 IST" name="runScenario" description="Runs Cucumber Scenarios" data-provider="scenarios" finished-at="2025-06-25T16:09:05 IST" duration-ms="17209" status="PASS">
          <params>
            <param index="0">
              <value>
                <![CDATA["Filter products by Size and Color"]]>
              </value>
            </param>
            <param index="1">
              <value>
                <![CDATA["Category navigation"]]>
              </value>
            </param>
          </params>
          <reporter-output>
          </reporter-output>
        </test-method> <!-- runScenario -->
        <test-method signature="runScenario(io.cucumber.testng.PickleWrapper,io.cucumber.testng.FeatureWrapper)[pri:0, instance:runner.TestRunner@fd07cbb]" started-at="2025-06-25T16:09:05 IST" name="runScenario" description="Runs Cucumber Scenarios" data-provider="scenarios" finished-at="2025-06-25T16:09:13 IST" duration-ms="8395" status="PASS">
          <params>
            <param index="0">
              <value>
                <![CDATA["View Products in List"]]>
              </value>
            </param>
            <param index="1">
              <value>
                <![CDATA["Category navigation"]]>
              </value>
            </param>
          </params>
          <reporter-output>
          </reporter-output>
        </test-method> <!-- runScenario -->
        <test-method signature="runScenario(io.cucumber.testng.PickleWrapper,io.cucumber.testng.FeatureWrapper)[pri:0, instance:runner.TestRunner@fd07cbb]" started-at="2025-06-25T16:09:13 IST" name="runScenario" description="Runs Cucumber Scenarios" data-provider="scenarios" finished-at="2025-06-25T16:09:20 IST" duration-ms="6932" status="PASS">
          <params>
            <param index="0">
              <value>
                <![CDATA["User should be able to login with valid credentials."]]>
              </value>
            </param>
            <param index="1">
              <value>
                <![CDATA["User login"]]>
              </value>
            </param>
          </params>
          <reporter-output>
          </reporter-output>
        </test-method> <!-- runScenario -->
        <test-method is-config="true" signature="tearDownClass()[pri:0, instance:runner.TestRunner@fd07cbb]" started-at="2025-06-25T16:09:20 IST" name="tearDownClass" finished-at="2025-06-25T16:09:21 IST" duration-ms="383" status="PASS">
          <reporter-output>
          </reporter-output>
        </test-method> <!-- tearDownClass -->
      </class> <!-- runner.TestRunner -->
    </test> <!-- Default test -->
  </suite> <!-- Default suite -->
</testng-results>
