<?xml version="1.0" encoding="UTF-8"?>
<testng-results ignored="0" total="18" passed="17" failed="1" skipped="0">
  <reporter-output>
  </reporter-output>
  <suite started-at="2025-07-28T20:20:18 IST" name="Suite" finished-at="2025-07-28T20:21:55 IST" duration-ms="97486">
    <groups>
      <group name="cucumber">
        <method signature="AbstractTestNGCucumberTests.runScenario(io.cucumber.testng.PickleWrapper,io.cucumber.testng.FeatureWrapper)[pri:0, instance:runner.TestRunner@3571b748]" name="runScenario" class="io.cucumber.testng.AbstractTestNGCucumberTests"/>
        <method signature="AbstractTestNGCucumberTests.runScenario(io.cucumber.testng.PickleWrapper,io.cucumber.testng.FeatureWrapper)[pri:0, instance:runner.TestRunner@26275bef]" name="runScenario" class="io.cucumber.testng.AbstractTestNGCucumberTests"/>
        <method signature="AbstractTestNGCucumberTests.runScenario(io.cucumber.testng.PickleWrapper,io.cucumber.testng.FeatureWrapper)[pri:0, instance:runner.TestRunner@77eca502]" name="runScenario" class="io.cucumber.testng.AbstractTestNGCucumberTests"/>
      </group> <!-- cucumber -->
    </groups>
    <test started-at="2025-07-28T20:20:18 IST" name="chromeTest" finished-at="2025-07-28T20:21:28 IST" duration-ms="70135">
      <class name="runner.TestRunner">
        <test-method is-config="true" signature="setUpClass(org.testng.ITestContext)[pri:0, instance:runner.TestRunner@3571b748]" started-at="2025-07-28T20:20:18 IST" name="setUpClass" finished-at="2025-07-28T20:20:19 IST" duration-ms="621" status="PASS">
          <params>
            <param index="0">
              <value>
                <![CDATA[org.testng.TestRunner@7bd4937b]]>
              </value>
            </param>
          </params>
          <reporter-output>
          </reporter-output>
        </test-method> <!-- setUpClass -->
        <test-method is-config="true" signature="setUp(java.lang.String)[pri:0, instance:runner.TestRunner@3571b748]" started-at="2025-07-28T20:20:19 IST" name="setUp" finished-at="2025-07-28T20:20:19 IST" duration-ms="4" status="PASS">
          <params>
            <param index="0">
              <value>
                <![CDATA[chrome]]>
              </value>
            </param>
          </params>
          <reporter-output>
          </reporter-output>
        </test-method> <!-- setUp -->
        <test-method signature="runScenario(io.cucumber.testng.PickleWrapper,io.cucumber.testng.FeatureWrapper)[pri:0, instance:runner.TestRunner@3571b748]" started-at="2025-07-28T20:20:19 IST" name="runScenario" description="Runs Cucumber Scenarios" data-provider="scenarios" finished-at="2025-07-28T20:20:30 IST" duration-ms="10939" status="PASS">
          <params>
            <param index="0">
              <value>
                <![CDATA["Navigate to a Top-level category"]]>
              </value>
            </param>
            <param index="1">
              <value>
                <![CDATA["Category navigation"]]>
              </value>
            </param>
          </params>
          <reporter-output>
          </reporter-output>
        </test-method> <!-- runScenario -->
        <test-method is-config="true" signature="setUp(java.lang.String)[pri:0, instance:runner.TestRunner@3571b748]" started-at="2025-07-28T20:20:30 IST" name="setUp" finished-at="2025-07-28T20:20:30 IST" duration-ms="1" status="PASS">
          <params>
            <param index="0">
              <value>
                <![CDATA[chrome]]>
              </value>
            </param>
          </params>
          <reporter-output>
          </reporter-output>
        </test-method> <!-- setUp -->
        <test-method signature="runScenario(io.cucumber.testng.PickleWrapper,io.cucumber.testng.FeatureWrapper)[pri:0, instance:runner.TestRunner@3571b748]" started-at="2025-07-28T20:20:30 IST" name="runScenario" description="Runs Cucumber Scenarios" data-provider="scenarios" finished-at="2025-07-28T20:20:39 IST" duration-ms="9027" status="PASS">
          <params>
            <param index="0">
              <value>
                <![CDATA["Navigate to a sub-category"]]>
              </value>
            </param>
            <param index="1">
              <value>
                <![CDATA["Category navigation"]]>
              </value>
            </param>
          </params>
          <reporter-output>
          </reporter-output>
        </test-method> <!-- runScenario -->
        <test-method is-config="true" signature="setUp(java.lang.String)[pri:0, instance:runner.TestRunner@3571b748]" started-at="2025-07-28T20:20:39 IST" name="setUp" finished-at="2025-07-28T20:20:39 IST" duration-ms="0" status="PASS">
          <params>
            <param index="0">
              <value>
                <![CDATA[chrome]]>
              </value>
            </param>
          </params>
          <reporter-output>
          </reporter-output>
        </test-method> <!-- setUp -->
        <test-method signature="runScenario(io.cucumber.testng.PickleWrapper,io.cucumber.testng.FeatureWrapper)[pri:0, instance:runner.TestRunner@3571b748]" started-at="2025-07-28T20:20:39 IST" name="runScenario" description="Runs Cucumber Scenarios" data-provider="scenarios" finished-at="2025-07-28T20:20:48 IST" duration-ms="9205" status="PASS">
          <params>
            <param index="0">
              <value>
                <![CDATA["Verify breadcrumb navigation"]]>
              </value>
            </param>
            <param index="1">
              <value>
                <![CDATA["Category navigation"]]>
              </value>
            </param>
          </params>
          <reporter-output>
          </reporter-output>
        </test-method> <!-- runScenario -->
        <test-method is-config="true" signature="setUp(java.lang.String)[pri:0, instance:runner.TestRunner@3571b748]" started-at="2025-07-28T20:20:48 IST" name="setUp" finished-at="2025-07-28T20:20:48 IST" duration-ms="2" status="PASS">
          <params>
            <param index="0">
              <value>
                <![CDATA[chrome]]>
              </value>
            </param>
          </params>
          <reporter-output>
          </reporter-output>
        </test-method> <!-- setUp -->
        <test-method signature="runScenario(io.cucumber.testng.PickleWrapper,io.cucumber.testng.FeatureWrapper)[pri:0, instance:runner.TestRunner@3571b748]" started-at="2025-07-28T20:20:48 IST" name="runScenario" description="Runs Cucumber Scenarios" data-provider="scenarios" finished-at="2025-07-28T20:21:08 IST" duration-ms="19972" status="PASS">
          <params>
            <param index="0">
              <value>
                <![CDATA["Filter products by Size and Color"]]>
              </value>
            </param>
            <param index="1">
              <value>
                <![CDATA["Category navigation"]]>
              </value>
            </param>
          </params>
          <reporter-output>
          </reporter-output>
        </test-method> <!-- runScenario -->
        <test-method signature="runScenario(io.cucumber.testng.PickleWrapper,io.cucumber.testng.FeatureWrapper)[pri:0, instance:runner.TestRunner@3571b748]" started-at="2025-07-28T20:21:08 IST" name="runScenario" description="Runs Cucumber Scenarios" data-provider="scenarios" finished-at="2025-07-28T20:21:19 IST" duration-ms="10862" status="PASS">
          <params>
            <param index="0">
              <value>
                <![CDATA["View Products in List"]]>
              </value>
            </param>
            <param index="1">
              <value>
                <![CDATA["Category navigation"]]>
              </value>
            </param>
          </params>
          <reporter-output>
          </reporter-output>
        </test-method> <!-- runScenario -->
        <test-method is-config="true" signature="setUp(java.lang.String)[pri:0, instance:runner.TestRunner@3571b748]" started-at="2025-07-28T20:21:08 IST" name="setUp" finished-at="2025-07-28T20:21:08 IST" duration-ms="0" status="PASS">
          <params>
            <param index="0">
              <value>
                <![CDATA[chrome]]>
              </value>
            </param>
          </params>
          <reporter-output>
          </reporter-output>
        </test-method> <!-- setUp -->
        <test-method is-config="true" signature="setUp(java.lang.String)[pri:0, instance:runner.TestRunner@3571b748]" started-at="2025-07-28T20:21:19 IST" name="setUp" finished-at="2025-07-28T20:21:19 IST" duration-ms="1" status="PASS">
          <params>
            <param index="0">
              <value>
                <![CDATA[chrome]]>
              </value>
            </param>
          </params>
          <reporter-output>
          </reporter-output>
        </test-method> <!-- setUp -->
        <test-method signature="runScenario(io.cucumber.testng.PickleWrapper,io.cucumber.testng.FeatureWrapper)[pri:0, instance:runner.TestRunner@3571b748]" started-at="2025-07-28T20:21:19 IST" name="runScenario" description="Runs Cucumber Scenarios" data-provider="scenarios" finished-at="2025-07-28T20:21:28 IST" duration-ms="8918" status="PASS">
          <params>
            <param index="0">
              <value>
                <![CDATA["User should be able to login with valid credentials."]]>
              </value>
            </param>
            <param index="1">
              <value>
                <![CDATA["User login"]]>
              </value>
            </param>
          </params>
          <reporter-output>
          </reporter-output>
        </test-method> <!-- runScenario -->
        <test-method is-config="true" signature="tearDownClass()[pri:0, instance:runner.TestRunner@3571b748]" started-at="2025-07-28T20:21:28 IST" name="tearDownClass" finished-at="2025-07-28T20:21:28 IST" duration-ms="507" status="PASS">
          <reporter-output>
          </reporter-output>
        </test-method> <!-- tearDownClass -->
      </class> <!-- runner.TestRunner -->
    </test> <!-- chromeTest -->
    <test started-at="2025-07-28T20:20:18 IST" name="edgeTest" finished-at="2025-07-28T20:21:37 IST" duration-ms="79187">
      <class name="runner.TestRunner">
        <test-method is-config="true" signature="setUpClass(org.testng.ITestContext)[pri:0, instance:runner.TestRunner@26275bef]" started-at="2025-07-28T20:20:18 IST" name="setUpClass" finished-at="2025-07-28T20:20:19 IST" duration-ms="620" status="PASS">
          <params>
            <param index="0">
              <value>
                <![CDATA[org.testng.TestRunner@21e360a]]>
              </value>
            </param>
          </params>
          <reporter-output>
          </reporter-output>
        </test-method> <!-- setUpClass -->
        <test-method is-config="true" signature="setUp(java.lang.String)[pri:0, instance:runner.TestRunner@26275bef]" started-at="2025-07-28T20:20:19 IST" name="setUp" finished-at="2025-07-28T20:20:19 IST" duration-ms="4" status="PASS">
          <params>
            <param index="0">
              <value>
                <![CDATA[edge]]>
              </value>
            </param>
          </params>
          <reporter-output>
          </reporter-output>
        </test-method> <!-- setUp -->
        <test-method signature="runScenario(io.cucumber.testng.PickleWrapper,io.cucumber.testng.FeatureWrapper)[pri:0, instance:runner.TestRunner@26275bef]" started-at="2025-07-28T20:20:19 IST" name="runScenario" description="Runs Cucumber Scenarios" data-provider="scenarios" finished-at="2025-07-28T20:20:31 IST" duration-ms="12084" status="PASS">
          <params>
            <param index="0">
              <value>
                <![CDATA["Navigate to a Top-level category"]]>
              </value>
            </param>
            <param index="1">
              <value>
                <![CDATA["Category navigation"]]>
              </value>
            </param>
          </params>
          <reporter-output>
          </reporter-output>
        </test-method> <!-- runScenario -->
        <test-method signature="runScenario(io.cucumber.testng.PickleWrapper,io.cucumber.testng.FeatureWrapper)[pri:0, instance:runner.TestRunner@26275bef]" started-at="2025-07-28T20:20:31 IST" name="runScenario" description="Runs Cucumber Scenarios" data-provider="scenarios" finished-at="2025-07-28T20:20:42 IST" duration-ms="10779" status="PASS">
          <params>
            <param index="0">
              <value>
                <![CDATA["Navigate to a sub-category"]]>
              </value>
            </param>
            <param index="1">
              <value>
                <![CDATA["Category navigation"]]>
              </value>
            </param>
          </params>
          <reporter-output>
          </reporter-output>
        </test-method> <!-- runScenario -->
        <test-method is-config="true" signature="setUp(java.lang.String)[pri:0, instance:runner.TestRunner@26275bef]" started-at="2025-07-28T20:20:31 IST" name="setUp" finished-at="2025-07-28T20:20:31 IST" duration-ms="0" status="PASS">
          <params>
            <param index="0">
              <value>
                <![CDATA[edge]]>
              </value>
            </param>
          </params>
          <reporter-output>
          </reporter-output>
        </test-method> <!-- setUp -->
        <test-method signature="runScenario(io.cucumber.testng.PickleWrapper,io.cucumber.testng.FeatureWrapper)[pri:0, instance:runner.TestRunner@26275bef]" started-at="2025-07-28T20:20:42 IST" name="runScenario" description="Runs Cucumber Scenarios" data-provider="scenarios" finished-at="2025-07-28T20:20:53 IST" duration-ms="11617" status="PASS">
          <params>
            <param index="0">
              <value>
                <![CDATA["Verify breadcrumb navigation"]]>
              </value>
            </param>
            <param index="1">
              <value>
                <![CDATA["Category navigation"]]>
              </value>
            </param>
          </params>
          <reporter-output>
          </reporter-output>
        </test-method> <!-- runScenario -->
        <test-method is-config="true" signature="setUp(java.lang.String)[pri:0, instance:runner.TestRunner@26275bef]" started-at="2025-07-28T20:20:42 IST" name="setUp" finished-at="2025-07-28T20:20:42 IST" duration-ms="0" status="PASS">
          <params>
            <param index="0">
              <value>
                <![CDATA[edge]]>
              </value>
            </param>
          </params>
          <reporter-output>
          </reporter-output>
        </test-method> <!-- setUp -->
        <test-method signature="runScenario(io.cucumber.testng.PickleWrapper,io.cucumber.testng.FeatureWrapper)[pri:0, instance:runner.TestRunner@26275bef]" started-at="2025-07-28T20:20:53 IST" name="runScenario" description="Runs Cucumber Scenarios" data-provider="scenarios" finished-at="2025-07-28T20:21:15 IST" duration-ms="21705" status="PASS">
          <params>
            <param index="0">
              <value>
                <![CDATA["Filter products by Size and Color"]]>
              </value>
            </param>
            <param index="1">
              <value>
                <![CDATA["Category navigation"]]>
              </value>
            </param>
          </params>
          <reporter-output>
          </reporter-output>
        </test-method> <!-- runScenario -->
        <test-method is-config="true" signature="setUp(java.lang.String)[pri:0, instance:runner.TestRunner@26275bef]" started-at="2025-07-28T20:20:53 IST" name="setUp" finished-at="2025-07-28T20:20:53 IST" duration-ms="0" status="PASS">
          <params>
            <param index="0">
              <value>
                <![CDATA[edge]]>
              </value>
            </param>
          </params>
          <reporter-output>
          </reporter-output>
        </test-method> <!-- setUp -->
        <test-method is-config="true" signature="setUp(java.lang.String)[pri:0, instance:runner.TestRunner@26275bef]" started-at="2025-07-28T20:21:15 IST" name="setUp" finished-at="2025-07-28T20:21:15 IST" duration-ms="1" status="PASS">
          <params>
            <param index="0">
              <value>
                <![CDATA[edge]]>
              </value>
            </param>
          </params>
          <reporter-output>
          </reporter-output>
        </test-method> <!-- setUp -->
        <test-method signature="runScenario(io.cucumber.testng.PickleWrapper,io.cucumber.testng.FeatureWrapper)[pri:0, instance:runner.TestRunner@26275bef]" started-at="2025-07-28T20:21:15 IST" name="runScenario" description="Runs Cucumber Scenarios" data-provider="scenarios" finished-at="2025-07-28T20:21:27 IST" duration-ms="12561" status="PASS">
          <params>
            <param index="0">
              <value>
                <![CDATA["View Products in List"]]>
              </value>
            </param>
            <param index="1">
              <value>
                <![CDATA["Category navigation"]]>
              </value>
            </param>
          </params>
          <reporter-output>
          </reporter-output>
        </test-method> <!-- runScenario -->
        <test-method is-config="true" signature="setUp(java.lang.String)[pri:0, instance:runner.TestRunner@26275bef]" started-at="2025-07-28T20:21:27 IST" name="setUp" finished-at="2025-07-28T20:21:27 IST" duration-ms="1" status="PASS">
          <params>
            <param index="0">
              <value>
                <![CDATA[edge]]>
              </value>
            </param>
          </params>
          <reporter-output>
          </reporter-output>
        </test-method> <!-- setUp -->
        <test-method signature="runScenario(io.cucumber.testng.PickleWrapper,io.cucumber.testng.FeatureWrapper)[pri:0, instance:runner.TestRunner@26275bef]" started-at="2025-07-28T20:21:27 IST" name="runScenario" description="Runs Cucumber Scenarios" data-provider="scenarios" finished-at="2025-07-28T20:21:37 IST" duration-ms="9710" status="PASS">
          <params>
            <param index="0">
              <value>
                <![CDATA["User should be able to login with valid credentials."]]>
              </value>
            </param>
            <param index="1">
              <value>
                <![CDATA["User login"]]>
              </value>
            </param>
          </params>
          <reporter-output>
          </reporter-output>
        </test-method> <!-- runScenario -->
        <test-method is-config="true" signature="tearDownClass()[pri:0, instance:runner.TestRunner@26275bef]" started-at="2025-07-28T20:21:37 IST" name="tearDownClass" finished-at="2025-07-28T20:21:37 IST" duration-ms="39" status="PASS">
          <reporter-output>
          </reporter-output>
        </test-method> <!-- tearDownClass -->
      </class> <!-- runner.TestRunner -->
    </test> <!-- edgeTest -->
    <test started-at="2025-07-28T20:20:18 IST" name="firefoxTest" finished-at="2025-07-28T20:21:55 IST" duration-ms="97486">
      <class name="runner.TestRunner">
        <test-method is-config="true" signature="setUpClass(org.testng.ITestContext)[pri:0, instance:runner.TestRunner@77eca502]" started-at="2025-07-28T20:20:18 IST" name="setUpClass" finished-at="2025-07-28T20:20:19 IST" duration-ms="622" status="PASS">
          <params>
            <param index="0">
              <value>
                <![CDATA[org.testng.TestRunner@2c35e847]]>
              </value>
            </param>
          </params>
          <reporter-output>
          </reporter-output>
        </test-method> <!-- setUpClass -->
        <test-method is-config="true" signature="setUp(java.lang.String)[pri:0, instance:runner.TestRunner@77eca502]" started-at="2025-07-28T20:20:19 IST" name="setUp" finished-at="2025-07-28T20:20:19 IST" duration-ms="4" status="PASS">
          <params>
            <param index="0">
              <value>
                <![CDATA[firefox]]>
              </value>
            </param>
          </params>
          <reporter-output>
          </reporter-output>
        </test-method> <!-- setUp -->
        <test-method signature="runScenario(io.cucumber.testng.PickleWrapper,io.cucumber.testng.FeatureWrapper)[pri:0, instance:runner.TestRunner@77eca502]" started-at="2025-07-28T20:20:19 IST" name="runScenario" description="Runs Cucumber Scenarios" data-provider="scenarios" finished-at="2025-07-28T20:20:31 IST" duration-ms="12178" status="PASS">
          <params>
            <param index="0">
              <value>
                <![CDATA["Navigate to a Top-level category"]]>
              </value>
            </param>
            <param index="1">
              <value>
                <![CDATA["Category navigation"]]>
              </value>
            </param>
          </params>
          <reporter-output>
          </reporter-output>
        </test-method> <!-- runScenario -->
        <test-method is-config="true" signature="setUp(java.lang.String)[pri:0, instance:runner.TestRunner@77eca502]" started-at="2025-07-28T20:20:31 IST" name="setUp" finished-at="2025-07-28T20:20:31 IST" duration-ms="1" status="PASS">
          <params>
            <param index="0">
              <value>
                <![CDATA[firefox]]>
              </value>
            </param>
          </params>
          <reporter-output>
          </reporter-output>
        </test-method> <!-- setUp -->
        <test-method signature="runScenario(io.cucumber.testng.PickleWrapper,io.cucumber.testng.FeatureWrapper)[pri:0, instance:runner.TestRunner@77eca502]" started-at="2025-07-28T20:20:31 IST" name="runScenario" description="Runs Cucumber Scenarios" data-provider="scenarios" finished-at="2025-07-28T20:20:46 IST" duration-ms="15619" status="FAIL">
          <params>
            <param index="0">
              <value>
                <![CDATA["Navigate to a sub-category"]]>
              </value>
            </param>
            <param index="1">
              <value>
                <![CDATA["Category navigation"]]>
              </value>
            </param>
          </params>
          <exception class="org.openqa.selenium.ElementNotInteractableException">
            <message>
              <![CDATA[Element <a class="sf-with-ul" href="http://www.automationpractice.pl/index.php?id_category=4&controller=category"> could not be scrolled into view
Build info: version: '4.33.0', revision: '2c6aaad03a'
System info: os.name: 'Windows 10', os.arch: 'amd64', os.version: '10.0', java.version: '21.0.7'
Driver info: org.openqa.selenium.firefox.FirefoxDriver
Command: [458a3a9a-06c8-4793-9a62-dcfdac9f86ee, clickElement {id=dae78a67-758e-4c1c-a071-95b626ecebe2}]
Capabilities {acceptInsecureCerts: true, browserName: firefox, browserVersion: 141.0, moz:accessibilityChecks: false, moz:buildID: 20250717180000, moz:geckodriverVersion: 0.36.0, moz:headless: false, moz:platformVersion: 10.0, moz:processID: 11112, moz:profile: C:\Users\pc\AppData\Local\T..., moz:shutdownTimeout: 60000, moz:webdriverClick: true, moz:windowless: false, pageLoadStrategy: normal, platformName: windows, proxy: Proxy(), setWindowRect: true, strictFileInteractability: false, timeouts: {implicit: 0, pageLoad: 300000, script: 30000}, unhandledPromptBehavior: dismiss and notify, userAgent: Mozilla/5.0 (Windows NT 10....}
Element: [[FirefoxDriver: firefox on windows (458a3a9a-06c8-4793-9a62-dcfdac9f86ee)] -> xpath: //a[@title='Tops']]
Session ID: 458a3a9a-06c8-4793-9a62-dcfdac9f86ee]]>
            </message>
            <full-stacktrace>
              <![CDATA[org.openqa.selenium.ElementNotInteractableException: Element <a class="sf-with-ul" href="http://www.automationpractice.pl/index.php?id_category=4&controller=category"> could not be scrolled into view
Build info: version: '4.33.0', revision: '2c6aaad03a'
System info: os.name: 'Windows 10', os.arch: 'amd64', os.version: '10.0', java.version: '21.0.7'
Driver info: org.openqa.selenium.firefox.FirefoxDriver
Command: [458a3a9a-06c8-4793-9a62-dcfdac9f86ee, clickElement {id=dae78a67-758e-4c1c-a071-95b626ecebe2}]
Capabilities {acceptInsecureCerts: true, browserName: firefox, browserVersion: 141.0, moz:accessibilityChecks: false, moz:buildID: 20250717180000, moz:geckodriverVersion: 0.36.0, moz:headless: false, moz:platformVersion: 10.0, moz:processID: 11112, moz:profile: C:\Users\pc\AppData\Local\T..., moz:shutdownTimeout: 60000, moz:webdriverClick: true, moz:windowless: false, pageLoadStrategy: normal, platformName: windows, proxy: Proxy(), setWindowRect: true, strictFileInteractability: false, timeouts: {implicit: 0, pageLoad: 300000, script: 30000}, unhandledPromptBehavior: dismiss and notify, userAgent: Mozilla/5.0 (Windows NT 10....}
Element: [[FirefoxDriver: firefox on windows (458a3a9a-06c8-4793-9a62-dcfdac9f86ee)] -> xpath: //a[@title='Tops']]
Session ID: 458a3a9a-06c8-4793-9a62-dcfdac9f86ee
at java.base/jdk.internal.reflect.DirectConstructorHandleAccessor.newInstance(DirectConstructorHandleAccessor.java:62)
at java.base/java.lang.reflect.Constructor.newInstanceWithCaller(Constructor.java:502)
at java.base/java.lang.reflect.Constructor.newInstance(Constructor.java:486)
at org.openqa.selenium.remote.ErrorCodec.decode(ErrorCodec.java:167)
at org.openqa.selenium.remote.codec.w3c.W3CHttpResponseCodec.decode(W3CHttpResponseCodec.java:138)
at org.openqa.selenium.remote.codec.w3c.W3CHttpResponseCodec.decode(W3CHttpResponseCodec.java:50)
at org.openqa.selenium.remote.HttpCommandExecutor.execute(HttpCommandExecutor.java:215)
at org.openqa.selenium.remote.service.DriverCommandExecutor.invokeExecute(DriverCommandExecutor.java:216)
at org.openqa.selenium.remote.service.DriverCommandExecutor.execute(DriverCommandExecutor.java:174)
at org.openqa.selenium.remote.RemoteWebDriver.execute(RemoteWebDriver.java:544)
at org.openqa.selenium.remote.RemoteWebElement.execute(RemoteWebElement.java:223)
at org.openqa.selenium.remote.RemoteWebElement.click(RemoteWebElement.java:76)
at java.base/jdk.internal.reflect.DirectMethodHandleAccessor.invoke(DirectMethodHandleAccessor.java:103)
at java.base/java.lang.reflect.Method.invoke(Method.java:580)
at org.openqa.selenium.support.pagefactory.internal.LocatingElementHandler.invoke(LocatingElementHandler.java:51)
at jdk.proxy2/jdk.proxy2.$Proxy43.click(Unknown Source)
at pages.Homepage.clickSubCategoryTop(Homepage.java:83)
at stepDefinitions.CategorySteps.clicks_on_sub_category(CategorySteps.java:95)
at ✽.Clicks on "Tops" sub category(file:///C:/Users/pc/eclipse-workspace/com.ecomsite/src/test/resources/features/Category.feature:15)
]]>
            </full-stacktrace>
          </exception> <!-- org.openqa.selenium.ElementNotInteractableException -->
          <reporter-output>
          </reporter-output>
        </test-method> <!-- runScenario -->
        <test-method is-config="true" signature="setUp(java.lang.String)[pri:0, instance:runner.TestRunner@77eca502]" started-at="2025-07-28T20:20:46 IST" name="setUp" finished-at="2025-07-28T20:20:46 IST" duration-ms="1" status="PASS">
          <params>
            <param index="0">
              <value>
                <![CDATA[firefox]]>
              </value>
            </param>
          </params>
          <reporter-output>
          </reporter-output>
        </test-method> <!-- setUp -->
        <test-method signature="runScenario(io.cucumber.testng.PickleWrapper,io.cucumber.testng.FeatureWrapper)[pri:0, instance:runner.TestRunner@77eca502]" started-at="2025-07-28T20:20:46 IST" name="runScenario" description="Runs Cucumber Scenarios" data-provider="scenarios" finished-at="2025-07-28T20:21:02 IST" duration-ms="15627" status="PASS">
          <params>
            <param index="0">
              <value>
                <![CDATA["Verify breadcrumb navigation"]]>
              </value>
            </param>
            <param index="1">
              <value>
                <![CDATA["Category navigation"]]>
              </value>
            </param>
          </params>
          <reporter-output>
          </reporter-output>
        </test-method> <!-- runScenario -->
        <test-method signature="runScenario(io.cucumber.testng.PickleWrapper,io.cucumber.testng.FeatureWrapper)[pri:0, instance:runner.TestRunner@77eca502]" started-at="2025-07-28T20:21:02 IST" name="runScenario" description="Runs Cucumber Scenarios" data-provider="scenarios" finished-at="2025-07-28T20:21:27 IST" duration-ms="24898" status="PASS">
          <params>
            <param index="0">
              <value>
                <![CDATA["Filter products by Size and Color"]]>
              </value>
            </param>
            <param index="1">
              <value>
                <![CDATA["Category navigation"]]>
              </value>
            </param>
          </params>
          <reporter-output>
          </reporter-output>
        </test-method> <!-- runScenario -->
        <test-method is-config="true" signature="setUp(java.lang.String)[pri:0, instance:runner.TestRunner@77eca502]" started-at="2025-07-28T20:21:02 IST" name="setUp" finished-at="2025-07-28T20:21:02 IST" duration-ms="0" status="PASS">
          <params>
            <param index="0">
              <value>
                <![CDATA[firefox]]>
              </value>
            </param>
          </params>
          <reporter-output>
          </reporter-output>
        </test-method> <!-- setUp -->
        <test-method is-config="true" signature="setUp(java.lang.String)[pri:0, instance:runner.TestRunner@77eca502]" started-at="2025-07-28T20:21:27 IST" name="setUp" finished-at="2025-07-28T20:21:27 IST" duration-ms="1" status="PASS">
          <params>
            <param index="0">
              <value>
                <![CDATA[firefox]]>
              </value>
            </param>
          </params>
          <reporter-output>
          </reporter-output>
        </test-method> <!-- setUp -->
        <test-method signature="runScenario(io.cucumber.testng.PickleWrapper,io.cucumber.testng.FeatureWrapper)[pri:0, instance:runner.TestRunner@77eca502]" started-at="2025-07-28T20:21:27 IST" name="runScenario" description="Runs Cucumber Scenarios" data-provider="scenarios" finished-at="2025-07-28T20:21:43 IST" duration-ms="15666" status="PASS">
          <params>
            <param index="0">
              <value>
                <![CDATA["View Products in List"]]>
              </value>
            </param>
            <param index="1">
              <value>
                <![CDATA["Category navigation"]]>
              </value>
            </param>
          </params>
          <reporter-output>
          </reporter-output>
        </test-method> <!-- runScenario -->
        <test-method is-config="true" signature="setUp(java.lang.String)[pri:0, instance:runner.TestRunner@77eca502]" started-at="2025-07-28T20:21:43 IST" name="setUp" finished-at="2025-07-28T20:21:43 IST" duration-ms="1" status="PASS">
          <params>
            <param index="0">
              <value>
                <![CDATA[firefox]]>
              </value>
            </param>
          </params>
          <reporter-output>
          </reporter-output>
        </test-method> <!-- setUp -->
        <test-method signature="runScenario(io.cucumber.testng.PickleWrapper,io.cucumber.testng.FeatureWrapper)[pri:0, instance:runner.TestRunner@77eca502]" started-at="2025-07-28T20:21:43 IST" name="runScenario" description="Runs Cucumber Scenarios" data-provider="scenarios" finished-at="2025-07-28T20:21:55 IST" duration-ms="12767" status="PASS">
          <params>
            <param index="0">
              <value>
                <![CDATA["User should be able to login with valid credentials."]]>
              </value>
            </param>
            <param index="1">
              <value>
                <![CDATA["User login"]]>
              </value>
            </param>
          </params>
          <reporter-output>
          </reporter-output>
        </test-method> <!-- runScenario -->
        <test-method is-config="true" signature="tearDownClass()[pri:0, instance:runner.TestRunner@77eca502]" started-at="2025-07-28T20:21:55 IST" name="tearDownClass" finished-at="2025-07-28T20:21:55 IST" duration-ms="35" status="PASS">
          <reporter-output>
          </reporter-output>
        </test-method> <!-- tearDownClass -->
      </class> <!-- runner.TestRunner -->
    </test> <!-- firefoxTest -->
  </suite> <!-- Suite -->
</testng-results>
